2023.04.10 03:35:23 INFO  Started: Metals version 0.11.11 in workspace 'C:\Users\sucho\OneDrive - UCB-O365\Desktop\Spring 2023\CSCI 5448\Projects\Term Project' for client Visual Studio Code 1.77.1.
SLF4J: No SLF4J providers were found.
SLF4J: Defaulting to no-operation (NOP) logger implementation
SLF4J: See https://www.slf4j.org/codes.html#noProviders for further details.
SLF4J: Class path contains SLF4J bindings targeting slf4j-api versions 1.7.x or earlier.
SLF4J: Ignoring binding found at [jar:file:/C:/Users/sucho/AppData/Local/Coursier/cache/v1/https/repo1.maven.org/maven2/com/outr/scribe-slf4j_2.13/3.11.0/scribe-slf4j_2.13-3.11.0.jar!/org/slf4j/impl/StaticLoggerBinder.class]
SLF4J: See https://www.slf4j.org/codes.html#ignoredBindings for an explanation.
2023.04.10 03:35:24 INFO  time: initialize in 1.27s
2023.04.10 03:35:36 INFO  no build target found for C:\Users\sucho\OneDrive - UCB-O365\Desktop\Spring 2023\CSCI 5448\Projects\Term Project\scala-backend\app\controllers\HomeController.scala. Using presentation compiler with project's scala-library version: 3.2.2
2023.04.10 03:35:39 WARN  Build server is not auto-connectable.
2023.04.10 03:35:39 WARN  no build tool detected in workspace 'C:\Users\sucho\OneDrive - UCB-O365\Desktop\Spring 2023\CSCI 5448\Projects\Term Project'. The most common cause for this problem is that the editor was opened in the wrong working directory, for example if you use sbt then the workspace directory should contain build.sbt. 
2023.04.10 03:35:39 WARN  no build target for: C:\Users\sucho\OneDrive - UCB-O365\Desktop\Spring 2023\CSCI 5448\Projects\Term Project\scala-backend\app\controllers\HomeController.scala
Apr 10, 2023 3:35:39 AM org.eclipse.lsp4j.jsonrpc.RemoteEndpoint handleCancellation
WARNING: Unmatched cancel notification for request id 3
Apr 10, 2023 3:35:39 AM org.eclipse.lsp4j.jsonrpc.RemoteEndpoint handleCancellation
WARNING: Unmatched cancel notification for request id 4
2023.04.10 03:35:39 WARN  no build target for: C:\Users\sucho\OneDrive - UCB-O365\Desktop\Spring 2023\CSCI 5448\Projects\Term Project\scala-backend\app\controllers\HomeController.scala
Apr 10, 2023 3:35:39 AM org.eclipse.lsp4j.jsonrpc.RemoteEndpoint handleCancellation
WARNING: Unmatched cancel notification for request id 24
2023.04.10 03:35:39 WARN  no build target for: C:\Users\sucho\OneDrive - UCB-O365\Desktop\Spring 2023\CSCI 5448\Projects\Term Project\scala-backend\app\controllers\HomeController.scala
Apr 10, 2023 3:35:39 AM org.eclipse.lsp4j.jsonrpc.RemoteEndpoint handleCancellation
WARNING: Unmatched cancel notification for request id 27
2023.04.10 03:35:44 INFO  time: code lens generation in 4.8s
2023.04.10 03:35:44 INFO  time: code lens generation in 4.98s
2023.04.10 03:35:44 INFO  time: code lens generation in 4.96s
2023.04.10 03:35:44 INFO  time: code lens generation in 4.92s
2023.04.10 03:35:44 INFO  time: code lens generation in 5.22s
2023.04.10 03:35:44 INFO  time: code lens generation in 5.3s
Apr 10, 2023 3:40:58 AM org.eclipse.lsp4j.jsonrpc.services.GenericEndpoint notify
INFO: Unsupported notification method: $/setTrace
2023.04.10 03:40:59 INFO  Shutting down server
2023.04.10 03:40:59 INFO  shutting down Metals
2023.04.10 03:40:59 INFO  Exiting server
2023.04.10 03:41:25 INFO  Started: Metals version 0.11.11 in workspace 'C:\Users\sucho\OneDrive - UCB-O365\Desktop\Spring 2023\CSCI 5448\Projects\Term Project' for client Visual Studio Code 1.77.1.
SLF4J: No SLF4J providers were found.
SLF4J: Defaulting to no-operation (NOP) logger implementation
SLF4J: See https://www.slf4j.org/codes.html#noProviders for further details.
SLF4J: Class path contains SLF4J bindings targeting slf4j-api versions 1.7.x or earlier.
SLF4J: Ignoring binding found at [jar:file:/C:/Users/sucho/AppData/Local/Coursier/cache/v1/https/repo1.maven.org/maven2/com/outr/scribe-slf4j_2.13/3.11.0/scribe-slf4j_2.13-3.11.0.jar!/org/slf4j/impl/StaticLoggerBinder.class]
SLF4J: See https://www.slf4j.org/codes.html#ignoredBindings for an explanation.
2023.04.10 03:41:27 INFO  time: initialize in 1.48s
2023.04.10 03:41:30 WARN  Build server is not auto-connectable.
2023.04.10 03:41:30 WARN  no build tool detected in workspace 'C:\Users\sucho\OneDrive - UCB-O365\Desktop\Spring 2023\CSCI 5448\Projects\Term Project'. The most common cause for this problem is that the editor was opened in the wrong working directory, for example if you use sbt then the workspace directory should contain build.sbt. 
2023.04.10 03:41:30 WARN  no build target for: C:\Users\sucho\OneDrive - UCB-O365\Desktop\Spring 2023\CSCI 5448\Projects\Term Project\scala-backend\app\controllers\HomeController.scala
2023.04.10 03:41:37 INFO  no build target found for C:\Users\sucho\OneDrive - UCB-O365\Desktop\Spring 2023\CSCI 5448\Projects\Term Project\scala-backend\app\controllers\HomeController.scala. Using presentation compiler with project's scala-library version: 3.2.2
2023.04.10 03:44:30 WARN  no build target for: C:\Users\sucho\OneDrive - UCB-O365\Desktop\Spring 2023\CSCI 5448\Projects\Term Project\scala-backend\app\controllers\InterpreterController.scala
2023.04.10 03:44:42 WARN  no build target for: C:\Users\sucho\OneDrive - UCB-O365\Desktop\Spring 2023\CSCI 5448\Projects\Term Project\scala-backend\app\controllers\IdentifierController.scala
Apr 10, 2023 4:09:16 AM org.eclipse.lsp4j.jsonrpc.services.GenericEndpoint notify
INFO: Unsupported notification method: $/setTrace
2023.04.15 15:29:18 INFO  Started: Metals version 0.11.11 in workspace '/Users/spencerwilson/Documents/CU/OOAD/Projects/CSCI-5448_Scala' for client Visual Studio Code 1.77.3.
SLF4J: No SLF4J providers were found.
SLF4J: Defaulting to no-operation (NOP) logger implementation
SLF4J: See https://www.slf4j.org/codes.html#noProviders for further details.
SLF4J: Class path contains SLF4J bindings targeting slf4j-api versions 1.7.x or earlier.
SLF4J: Ignoring binding found at [jar:file:/Users/spencerwilson/Library/Caches/Coursier/v1/https/repo1.maven.org/maven2/com/outr/scribe-slf4j_2.13/3.11.0/scribe-slf4j_2.13-3.11.0.jar!/org/slf4j/impl/StaticLoggerBinder.class]
SLF4J: See https://www.slf4j.org/codes.html#ignoredBindings for an explanation.
2023.04.15 15:29:21 INFO  time: initialize in 3.73s
2023.04.15 15:29:22 WARN  Build server is not auto-connectable.
2023.04.15 15:29:22 WARN  no build tool detected in workspace '/Users/spencerwilson/Documents/CU/OOAD/Projects/CSCI-5448_Scala'. The most common cause for this problem is that the editor was opened in the wrong working directory, for example if you use sbt then the workspace directory should contain build.sbt. 
2023.04.15 15:29:22 WARN  no build target for: /Users/spencerwilson/Documents/CU/OOAD/Projects/CSCI-5448_Scala/saladbar/src/main/scala/Parser.scala
2023.04.15 15:29:24 INFO  no build target found for /Users/spencerwilson/Documents/CU/OOAD/Projects/CSCI-5448_Scala/saladbar/src/main/scala/Parser.scala. Using presentation compiler with project's scala-library version: 3.2.2
2023.04.15 15:29:25 INFO  time: code lens generation in 3s
2023.04.15 15:29:26 WARN  no build target for: /Users/spencerwilson/Documents/CU/OOAD/Projects/CSCI-5448_Scala/scala-backend/app/controllers/HomeController.scala
2023.04.15 15:29:38 WARN  no build target for: /Users/spencerwilson/Documents/CU/OOAD/Projects/CSCI-5448_Scala/saladbar/src/main/scala/Expr.scala
2023.04.15 15:29:43 WARN  no build target for: /Users/spencerwilson/Documents/CU/OOAD/Projects/CSCI-5448_Scala/saladbar/src/main/scala/Interpreter.scala
2023.04.15 15:29:46 WARN  no build target for: /Users/spencerwilson/Documents/CU/OOAD/Projects/CSCI-5448_Scala/saladbar/src/main/scala/Main.scala
2023.04.15 15:29:52 WARN  no build target for: /Users/spencerwilson/Documents/CU/OOAD/Projects/CSCI-5448_Scala/saladbar/src/main/scala/ScopingConditions.scala
2023.04.15 15:30:03 WARN  no build target for: /Users/spencerwilson/Documents/CU/OOAD/Projects/CSCI-5448_Scala/saladbar/src/main/scala/ScopingConditions.scala
2023.04.15 15:30:04 WARN  no build target for: /Users/spencerwilson/Documents/CU/OOAD/Projects/CSCI-5448_Scala/saladbar/src/main/scala/ScopingConditions.scala
Apr 15, 2023 3:30:04 PM org.eclipse.lsp4j.jsonrpc.RemoteEndpoint handleCancellation
WARNING: Unmatched cancel notification for request id 93
2023.04.15 15:30:10 WARN  no build target for: /Users/spencerwilson/Documents/CU/OOAD/Projects/CSCI-5448_Scala/saladbar/src/main/scala/Parser.scala
2023.04.15 15:30:11 WARN  no build target for: /Users/spencerwilson/Documents/CU/OOAD/Projects/CSCI-5448_Scala/saladbar/src/main/scala/Parser.scala
2023.04.15 15:30:13 WARN  no build target for: /Users/spencerwilson/Documents/CU/OOAD/Projects/CSCI-5448_Scala/saladbar/src/main/scala/ScopingConditions.scala
2023.04.15 15:30:13 WARN  no build target for: /Users/spencerwilson/Documents/CU/OOAD/Projects/CSCI-5448_Scala/saladbar/src/main/scala/Main.scala
2023.04.15 15:30:18 WARN  no build target for: /Users/spencerwilson/Documents/CU/OOAD/Projects/CSCI-5448_Scala/saladbar/src/main/scala/Main.scala
Apr 15, 2023 3:30:20 PM scala.meta.internal.pc.CompilerAccess handleError
SEVERE: String index out of range: -1
java.lang.StringIndexOutOfBoundsException: String index out of range: -1
	at java.base/java.lang.StringLatin1.charAt(StringLatin1.java:47)
	at java.base/java.lang.String.charAt(String.java:693)
	at scala.collection.StringOps$.apply$extension(StringOps.scala:188)
	at scala.meta.internal.pc.PcCollector.adjust(PcCollector.scala:84)
	at scala.meta.internal.pc.PcDocumentHighlightProvider.collect(PcDocumentHighlightProvider.scala:25)
	at scala.meta.internal.pc.PcDocumentHighlightProvider.collect(PcDocumentHighlightProvider.scala:18)
	at scala.meta.internal.pc.PcCollector.scala$meta$internal$pc$PcCollector$$_$collect$1(PcCollector.scala:318)
	at scala.meta.internal.pc.PcCollector.collectNamesWithParent$1(PcCollector.scala:359)
	at scala.meta.internal.pc.PcCollector.$anonfun$14(PcCollector.scala:457)
	at scala.meta.internal.pc.PcCollector$WithParentTraverser.traverse(PcCollector.scala:489)
	at scala.meta.internal.pc.PcCollector$WithParentTraverser.traverse$$anonfun$1(PcCollector.scala:491)
	at scala.collection.LinearSeqOps.foldLeft(LinearSeq.scala:183)
	at scala.collection.LinearSeqOps.foldLeft$(LinearSeq.scala:179)
	at scala.collection.immutable.List.foldLeft(List.scala:79)
	at scala.meta.internal.pc.PcCollector$WithParentTraverser.traverse(PcCollector.scala:491)
	at scala.meta.internal.pc.PcCollector$WithParentTraverser.traverse$$anonfun$1(PcCollector.scala:491)
	at scala.collection.LinearSeqOps.foldLeft(LinearSeq.scala:183)
	at scala.collection.LinearSeqOps.foldLeft$(LinearSeq.scala:179)
	at scala.collection.immutable.List.foldLeft(List.scala:79)
	at scala.meta.internal.pc.PcCollector$WithParentTraverser.traverse(PcCollector.scala:491)
	at scala.meta.internal.pc.PcCollector$WithParentTraverser.traverse$$anonfun$1(PcCollector.scala:491)
	at scala.collection.LinearSeqOps.foldLeft(LinearSeq.scala:183)
	at scala.collection.LinearSeqOps.foldLeft$(LinearSeq.scala:179)
	at scala.collection.immutable.List.foldLeft(List.scala:79)
	at scala.meta.internal.pc.PcCollector$WithParentTraverser.traverse(PcCollector.scala:491)
	at scala.meta.internal.pc.PcCollector$DeepFolderWithParent.apply(PcCollector.scala:497)
	at scala.meta.internal.pc.PcCollector.traverseSought(PcCollector.scala:458)
	at scala.meta.internal.pc.PcCollector.resultWithSought(PcCollector.scala:296)
	at scala.meta.internal.pc.PcCollector.result(PcCollector.scala:236)
	at scala.meta.internal.pc.PcDocumentHighlightProvider.highlights(PcDocumentHighlightProvider.scala:32)

2023.04.15 15:30:22 WARN  no build target for: /Users/spencerwilson/Documents/CU/OOAD/Projects/CSCI-5448_Scala/saladbar/src/main/scala/Interpreter.scala
2023.04.15 15:30:25 WARN  no build target for: /Users/spencerwilson/Documents/CU/OOAD/Projects/CSCI-5448_Scala/saladbar/src/main/scala/Interpreter.scala
2023.04.15 15:30:25 WARN  no build target for: /Users/spencerwilson/Documents/CU/OOAD/Projects/CSCI-5448_Scala/saladbar/src/main/scala/Expr.scala
2023.04.15 15:30:30 WARN  no build target for: /Users/spencerwilson/Documents/CU/OOAD/Projects/CSCI-5448_Scala/saladbar/src/main/scala/Expr.scala
2023.04.15 15:30:34 WARN  no build target for: /Users/spencerwilson/Documents/CU/OOAD/Projects/CSCI-5448_Scala/saladbar/src/main/scala/Main.scala
2023.04.15 15:30:58 WARN  no build target for: /Users/spencerwilson/Documents/CU/OOAD/Projects/CSCI-5448_Scala/saladbar/src/test/scala/ExprTest.scala
2023.04.15 15:31:07 WARN  no build target for: /Users/spencerwilson/Documents/CU/OOAD/Projects/CSCI-5448_Scala/saladbar/src/test/scala/ExprTest.scala
2023.04.15 15:31:14 WARN  no build target for: /Users/spencerwilson/Documents/CU/OOAD/Projects/CSCI-5448_Scala/saladbar/src/test/scala/ExprTest.scala
2023.04.15 15:31:28 WARN  no build target for: /Users/spencerwilson/Documents/CU/OOAD/Projects/CSCI-5448_Scala/saladbar/src/test/scala/ExprTest.scala
2023.04.15 15:31:29 WARN  no build target for: /Users/spencerwilson/Documents/CU/OOAD/Projects/CSCI-5448_Scala/saladbar/src/test/scala/IntegrationTest.scala
2023.04.15 15:31:32 WARN  no build target for: /Users/spencerwilson/Documents/CU/OOAD/Projects/CSCI-5448_Scala/saladbar/src/test/scala/IntegrationTest.scala
2023.04.15 15:31:33 WARN  no build target for: /Users/spencerwilson/Documents/CU/OOAD/Projects/CSCI-5448_Scala/saladbar/src/test/scala/InterpreterTest.scala
2023.04.15 15:31:36 WARN  no build target for: /Users/spencerwilson/Documents/CU/OOAD/Projects/CSCI-5448_Scala/saladbar/src/test/scala/InterpreterTest.scala
2023.04.15 15:31:37 WARN  no build target for: /Users/spencerwilson/Documents/CU/OOAD/Projects/CSCI-5448_Scala/saladbar/src/test/scala/LookupTest.scala
2023.04.15 15:31:40 WARN  no build target for: /Users/spencerwilson/Documents/CU/OOAD/Projects/CSCI-5448_Scala/saladbar/src/test/scala/LookupTest.scala
2023.04.15 15:31:40 WARN  no build target for: /Users/spencerwilson/Documents/CU/OOAD/Projects/CSCI-5448_Scala/saladbar/src/test/scala/ParserTest.scala
2023.04.15 15:31:44 WARN  no build target for: /Users/spencerwilson/Documents/CU/OOAD/Projects/CSCI-5448_Scala/saladbar/src/test/scala/ParserTest.scala
2023.04.15 15:31:44 WARN  no build target for: /Users/spencerwilson/Documents/CU/OOAD/Projects/CSCI-5448_Scala/saladbar/src/test/scala/SubstituteTest.scala
2023.04.15 15:31:47 WARN  no build target for: /Users/spencerwilson/Documents/CU/OOAD/Projects/CSCI-5448_Scala/saladbar/src/test/scala/SubstituteTest.scala
2023.04.15 15:31:59 WARN  no build target for: /Users/spencerwilson/Documents/CU/OOAD/Projects/CSCI-5448_Scala/scala-backend/app/controllers/HomeController.scala
2023.04.15 15:32:10 WARN  no build target for: /Users/spencerwilson/Documents/CU/OOAD/Projects/CSCI-5448_Scala/scala-backend/app/controllers/HomeController.scala
2023.04.15 15:32:30 WARN  no build target for: /Users/spencerwilson/Documents/CU/OOAD/Projects/CSCI-5448_Scala/scala-backend/app/controllers/HomeController.scala
2023.04.15 15:32:37 WARN  no build target for: /Users/spencerwilson/Documents/CU/OOAD/Projects/CSCI-5448_Scala/scala-backend/app/controllers/HomeController.scala
2023.04.15 15:32:39 WARN  no build target for: /Users/spencerwilson/Documents/CU/OOAD/Projects/CSCI-5448_Scala/scala-backend/app/controllers/HomeController.scala
2023.04.15 15:32:43 WARN  no build target for: /Users/spencerwilson/Documents/CU/OOAD/Projects/CSCI-5448_Scala/scala-backend/app/controllers/HomeController.scala
2023.04.15 15:32:45 WARN  no build target for: /Users/spencerwilson/Documents/CU/OOAD/Projects/CSCI-5448_Scala/scala-backend/app/controllers/HomeController.scala
2023.04.15 15:32:47 WARN  no build target for: /Users/spencerwilson/Documents/CU/OOAD/Projects/CSCI-5448_Scala/scala-backend/app/controllers/HomeController.scala
2023.04.15 15:32:49 WARN  no build target for: /Users/spencerwilson/Documents/CU/OOAD/Projects/CSCI-5448_Scala/scala-backend/app/controllers/HomeController.scala
2023.04.15 15:32:52 WARN  no build target for: /Users/spencerwilson/Documents/CU/OOAD/Projects/CSCI-5448_Scala/scala-backend/app/controllers/HomeController.scala
2023.04.15 15:32:57 WARN  no build target for: /Users/spencerwilson/Documents/CU/OOAD/Projects/CSCI-5448_Scala/scala-backend/app/controllers/HomeController.scala
Apr 15, 2023 3:33:01 PM org.eclipse.lsp4j.jsonrpc.RemoteEndpoint handleCancellation
WARNING: Unmatched cancel notification for request id 769
2023.04.15 15:33:13 WARN  no build target for: /Users/spencerwilson/Documents/CU/OOAD/Projects/CSCI-5448_Scala/scala-backend/app/controllers/HomeController.scala
2023.04.15 15:33:18 WARN  no build target for: /Users/spencerwilson/Documents/CU/OOAD/Projects/CSCI-5448_Scala/scala-backend/app/controllers/HomeController.scala
2023.04.15 16:51:08 INFO  Shutting down server
2023.04.15 16:51:08 INFO  shutting down Metals
2023.04.15 16:51:08 INFO  Exiting server
